2022-11-13 19:17:32,043 INFO    StreamThr :9520 [internal.py:wandb_internal():88] W&B internal server running at pid: 9520, started at: 2022-11-13 19:17:32.042042
2022-11-13 19:17:32,044 DEBUG   HandlerThread:9520 [handler.py:handle_request():139] handle_request: status
2022-11-13 19:17:32,045 DEBUG   SenderThread:9520 [sender.py:send_request():317] send_request: status
2022-11-13 19:17:32,046 DEBUG   SenderThread:9520 [sender.py:send():303] send: header
2022-11-13 19:17:32,046 INFO    WriterThread:9520 [datastore.py:open_for_write():75] open: d:\学习资料\电磁学小论文\SZD_image_generate\wandb\run-20221113_191723-28kkw3ws\run-28kkw3ws.wandb
2022-11-13 19:17:32,046 DEBUG   SenderThread:9520 [sender.py:send():303] send: run
2022-11-13 19:17:33,526 INFO    SenderThread:9520 [dir_watcher.py:__init__():216] watching files in: d:\学习资料\电磁学小论文\SZD_image_generate\wandb\run-20221113_191723-28kkw3ws\files
2022-11-13 19:17:33,526 INFO    SenderThread:9520 [sender.py:_start_run_threads():928] run started: 28kkw3ws with start time 1668338251.044093
2022-11-13 19:17:33,527 DEBUG   HandlerThread:9520 [handler.py:handle_request():139] handle_request: check_version
2022-11-13 19:17:33,527 DEBUG   SenderThread:9520 [sender.py:send():303] send: summary
2022-11-13 19:17:33,528 INFO    SenderThread:9520 [sender.py:_save_file():1171] saving file wandb-summary.json with policy end
2022-11-13 19:17:33,529 DEBUG   SenderThread:9520 [sender.py:send_request():317] send_request: check_version
2022-11-13 19:17:34,531 INFO    Thread-57 :9520 [dir_watcher.py:_on_file_created():275] file/dir created: d:\学习资料\电磁学小论文\SZD_image_generate\wandb\run-20221113_191723-28kkw3ws\files\wandb-summary.json
2022-11-13 19:17:34,772 DEBUG   HandlerThread:9520 [handler.py:handle_request():139] handle_request: run_start
2022-11-13 19:17:34,781 DEBUG   HandlerThread:9520 [system_info.py:__init__():31] System info init
2022-11-13 19:17:34,781 DEBUG   HandlerThread:9520 [system_info.py:__init__():46] System info init done
2022-11-13 19:17:34,781 INFO    HandlerThread:9520 [system_monitor.py:start():150] Starting system monitor
2022-11-13 19:17:34,782 INFO    SystemMonitor:9520 [system_monitor.py:_start():116] Starting system asset monitoring threads
2022-11-13 19:17:34,782 INFO    HandlerThread:9520 [system_monitor.py:probe():168] Collecting system info
2022-11-13 19:17:34,786 INFO    SystemMonitor:9520 [interfaces.py:start():168] Started cpu
2022-11-13 19:17:34,787 DEBUG   HandlerThread:9520 [system_info.py:probe():195] Probing system
2022-11-13 19:17:34,787 INFO    SystemMonitor:9520 [interfaces.py:start():168] Started disk
2022-11-13 19:17:34,787 INFO    SystemMonitor:9520 [interfaces.py:start():168] Started memory
2022-11-13 19:17:34,796 INFO    SystemMonitor:9520 [interfaces.py:start():168] Started network
2022-11-13 19:17:34,797 DEBUG   HandlerThread:9520 [system_info.py:_probe_git():180] Probing git
2022-11-13 19:17:34,859 DEBUG   HandlerThread:9520 [system_info.py:_probe_git():188] Probing git done
2022-11-13 19:17:34,859 DEBUG   HandlerThread:9520 [system_info.py:probe():241] Probing system done
2022-11-13 19:17:34,860 DEBUG   HandlerThread:9520 [system_monitor.py:probe():177] {'os': 'Windows-10-10.0.22000-SP0', 'python': '3.9.13', 'heartbeatAt': '2022-11-13T11:17:34.787053', 'startedAt': '2022-11-13T11:17:23.492611', 'docker': None, 'cuda': None, 'args': None, 'state': 'running', 'program': '<python with no main file>', 'git': {'remote': 'https://github.com/Tyrion58/SZD_image_generate.git', 'commit': '53feed2ec8963bd525ce7fadf860b5e68db0fbb4'}, 'email': 'zhangty21@mail.ustc.edu.cn', 'root': 'D:/学习资料/电磁学小论文/SZD_image_generate', 'host': 'Analysis-Mechine-Of-Tyrion', 'username': 'Ty Zhang', 'executable': 'd:\\anaconda3\\envs\\pytorch\\python.exe', 'cpu_count': 4, 'cpu_count_logical': 8, 'cpu_freq': {'current': 3187.0, 'min': 0.0, 'max': 3187.0}, 'cpu_freq_per_core': [{'current': 3187.0, 'min': 0.0, 'max': 3187.0}], 'disk': {'total': 329.07519149780273, 'used': 262.1576232910156}, 'memory': {'total': 15.788383483886719}}
2022-11-13 19:17:34,860 INFO    HandlerThread:9520 [system_monitor.py:probe():178] Finished collecting system info
2022-11-13 19:17:34,860 INFO    HandlerThread:9520 [system_monitor.py:probe():181] Publishing system info
2022-11-13 19:17:34,860 DEBUG   HandlerThread:9520 [system_info.py:_save_pip():51] Saving list of pip packages installed into the current environment
2022-11-13 19:17:34,860 DEBUG   HandlerThread:9520 [system_info.py:_save_pip():67] Saving pip packages done
2022-11-13 19:17:34,861 DEBUG   HandlerThread:9520 [system_info.py:_save_conda():74] Saving list of conda packages installed into the current environment
2022-11-13 19:17:35,535 INFO    Thread-57 :9520 [dir_watcher.py:_on_file_created():275] file/dir created: d:\学习资料\电磁学小论文\SZD_image_generate\wandb\run-20221113_191723-28kkw3ws\files\conda-environment.yaml
2022-11-13 19:17:35,535 INFO    Thread-57 :9520 [dir_watcher.py:_on_file_created():275] file/dir created: d:\学习资料\电磁学小论文\SZD_image_generate\wandb\run-20221113_191723-28kkw3ws\files\requirements.txt
2022-11-13 19:17:38,794 DEBUG   HandlerThread:9520 [system_info.py:_save_conda():86] Saving conda packages done
2022-11-13 19:17:38,794 INFO    HandlerThread:9520 [system_monitor.py:probe():183] Finished publishing system info
2022-11-13 19:17:38,795 DEBUG   SenderThread:9520 [sender.py:send():303] send: files
2022-11-13 19:17:38,795 INFO    SenderThread:9520 [sender.py:_save_file():1171] saving file wandb-metadata.json with policy now
2022-11-13 19:17:38,808 DEBUG   HandlerThread:9520 [handler.py:handle_request():139] handle_request: stop_status
2022-11-13 19:17:38,808 DEBUG   SenderThread:9520 [sender.py:send_request():317] send_request: stop_status
2022-11-13 19:17:38,813 DEBUG   HandlerThread:9520 [handler.py:handle_request():139] handle_request: pause
2022-11-13 19:17:38,813 INFO    HandlerThread:9520 [handler.py:handle_request_pause():696] stopping system metrics thread or process
2022-11-13 19:17:38,814 INFO    HandlerThread:9520 [system_monitor.py:finish():160] Stopping system monitor
2022-11-13 19:17:38,814 DEBUG   SystemMonitor:9520 [system_monitor.py:_start():130] Starting system metrics aggregation loop
2022-11-13 19:17:38,814 INFO    HandlerThread:9520 [interfaces.py:finish():173] Joined cpu
2022-11-13 19:17:38,814 DEBUG   SystemMonitor:9520 [system_monitor.py:_start():137] Finished system metrics aggregation loop
2022-11-13 19:17:38,815 INFO    HandlerThread:9520 [interfaces.py:finish():173] Joined disk
2022-11-13 19:17:38,815 DEBUG   SystemMonitor:9520 [system_monitor.py:_start():141] Publishing last batch of metrics
2022-11-13 19:17:38,815 INFO    HandlerThread:9520 [interfaces.py:finish():173] Joined memory
2022-11-13 19:17:38,815 INFO    HandlerThread:9520 [interfaces.py:finish():173] Joined network
2022-11-13 19:17:39,572 INFO    Thread-57 :9520 [dir_watcher.py:_on_file_modified():292] file/dir modified: d:\学习资料\电磁学小论文\SZD_image_generate\wandb\run-20221113_191723-28kkw3ws\files\conda-environment.yaml
2022-11-13 19:17:39,573 INFO    Thread-57 :9520 [dir_watcher.py:_on_file_created():275] file/dir created: d:\学习资料\电磁学小论文\SZD_image_generate\wandb\run-20221113_191723-28kkw3ws\files\wandb-metadata.json
2022-11-13 19:17:39,890 DEBUG   SenderThread:9520 [sender.py:send():303] send: telemetry
2022-11-13 19:17:39,891 DEBUG   SenderThread:9520 [sender.py:send():303] send: stats
2022-11-13 19:17:40,904 INFO    Thread-62 :9520 [upload_job.py:push():143] Uploaded file C:\Users\TYZHAN~1\AppData\Local\Temp\tmpu9a6z4e6wandb\19luysdz-wandb-metadata.json
2022-11-13 19:17:54,901 DEBUG   HandlerThread:9520 [handler.py:handle_request():139] handle_request: stop_status
2022-11-13 19:17:54,903 DEBUG   SenderThread:9520 [sender.py:send_request():317] send_request: stop_status
2022-11-13 19:18:03,796 INFO    Thread-57 :9520 [dir_watcher.py:_on_file_modified():292] file/dir modified: d:\学习资料\电磁学小论文\SZD_image_generate\wandb\run-20221113_191723-28kkw3ws\files\config.yaml
2022-11-13 19:18:10,612 DEBUG   HandlerThread:9520 [handler.py:handle_request():139] handle_request: stop_status
2022-11-13 19:18:10,612 DEBUG   SenderThread:9520 [sender.py:send_request():317] send_request: stop_status
2022-11-13 19:18:26,324 DEBUG   HandlerThread:9520 [handler.py:handle_request():139] handle_request: stop_status
2022-11-13 19:18:26,325 DEBUG   SenderThread:9520 [sender.py:send_request():317] send_request: stop_status
2022-11-13 19:18:42,093 DEBUG   HandlerThread:9520 [handler.py:handle_request():139] handle_request: stop_status
2022-11-13 19:18:42,093 DEBUG   SenderThread:9520 [sender.py:send_request():317] send_request: stop_status
2022-11-13 19:18:57,804 DEBUG   HandlerThread:9520 [handler.py:handle_request():139] handle_request: stop_status
2022-11-13 19:18:57,805 DEBUG   SenderThread:9520 [sender.py:send_request():317] send_request: stop_status
2022-11-13 19:19:13,517 DEBUG   HandlerThread:9520 [handler.py:handle_request():139] handle_request: stop_status
2022-11-13 19:19:13,519 DEBUG   SenderThread:9520 [sender.py:send_request():317] send_request: stop_status
2022-11-13 19:19:29,231 DEBUG   HandlerThread:9520 [handler.py:handle_request():139] handle_request: stop_status
2022-11-13 19:19:29,232 DEBUG   SenderThread:9520 [sender.py:send_request():317] send_request: stop_status
2022-11-13 19:19:44,949 DEBUG   HandlerThread:9520 [handler.py:handle_request():139] handle_request: stop_status
2022-11-13 19:19:44,949 DEBUG   SenderThread:9520 [sender.py:send_request():317] send_request: stop_status
2022-11-13 19:20:00,651 DEBUG   HandlerThread:9520 [handler.py:handle_request():139] handle_request: stop_status
2022-11-13 19:20:00,652 DEBUG   SenderThread:9520 [sender.py:send_request():317] send_request: stop_status
2022-11-13 19:20:16,379 DEBUG   HandlerThread:9520 [handler.py:handle_request():139] handle_request: stop_status
2022-11-13 19:20:16,380 DEBUG   SenderThread:9520 [sender.py:send_request():317] send_request: stop_status
2022-11-13 19:20:32,092 DEBUG   HandlerThread:9520 [handler.py:handle_request():139] handle_request: stop_status
2022-11-13 19:20:32,092 DEBUG   SenderThread:9520 [sender.py:send_request():317] send_request: stop_status
2022-11-13 19:20:48,078 DEBUG   HandlerThread:9520 [handler.py:handle_request():139] handle_request: stop_status
2022-11-13 19:20:48,078 DEBUG   SenderThread:9520 [sender.py:send_request():317] send_request: stop_status
2022-11-13 19:21:03,789 DEBUG   HandlerThread:9520 [handler.py:handle_request():139] handle_request: stop_status
2022-11-13 19:21:03,789 DEBUG   SenderThread:9520 [sender.py:send_request():317] send_request: stop_status
2022-11-13 19:21:19,528 DEBUG   HandlerThread:9520 [handler.py:handle_request():139] handle_request: stop_status
2022-11-13 19:21:19,528 DEBUG   SenderThread:9520 [sender.py:send_request():317] send_request: stop_status
2022-11-13 19:21:35,265 DEBUG   HandlerThread:9520 [handler.py:handle_request():139] handle_request: stop_status
2022-11-13 19:21:35,265 DEBUG   SenderThread:9520 [sender.py:send_request():317] send_request: stop_status
2022-11-13 19:21:50,986 DEBUG   HandlerThread:9520 [handler.py:handle_request():139] handle_request: stop_status
2022-11-13 19:21:50,986 DEBUG   SenderThread:9520 [sender.py:send_request():317] send_request: stop_status
2022-11-13 19:22:06,696 DEBUG   HandlerThread:9520 [handler.py:handle_request():139] handle_request: stop_status
2022-11-13 19:22:06,697 DEBUG   SenderThread:9520 [sender.py:send_request():317] send_request: stop_status
2022-11-13 19:22:22,405 DEBUG   HandlerThread:9520 [handler.py:handle_request():139] handle_request: stop_status
2022-11-13 19:22:22,406 DEBUG   SenderThread:9520 [sender.py:send_request():317] send_request: stop_status
2022-11-13 19:22:38,136 DEBUG   HandlerThread:9520 [handler.py:handle_request():139] handle_request: stop_status
2022-11-13 19:22:38,137 DEBUG   SenderThread:9520 [sender.py:send_request():317] send_request: stop_status
2022-11-13 19:22:53,861 DEBUG   HandlerThread:9520 [handler.py:handle_request():139] handle_request: stop_status
2022-11-13 19:22:53,862 DEBUG   SenderThread:9520 [sender.py:send_request():317] send_request: stop_status
2022-11-13 19:23:09,703 DEBUG   HandlerThread:9520 [handler.py:handle_request():139] handle_request: stop_status
2022-11-13 19:23:09,703 DEBUG   SenderThread:9520 [sender.py:send_request():317] send_request: stop_status
2022-11-13 19:23:25,439 DEBUG   HandlerThread:9520 [handler.py:handle_request():139] handle_request: stop_status
2022-11-13 19:23:25,440 DEBUG   SenderThread:9520 [sender.py:send_request():317] send_request: stop_status
2022-11-13 19:23:41,166 DEBUG   HandlerThread:9520 [handler.py:handle_request():139] handle_request: stop_status
2022-11-13 19:23:41,166 DEBUG   SenderThread:9520 [sender.py:send_request():317] send_request: stop_status
2022-11-13 19:23:56,990 DEBUG   HandlerThread:9520 [handler.py:handle_request():139] handle_request: stop_status
2022-11-13 19:23:56,990 DEBUG   SenderThread:9520 [sender.py:send_request():317] send_request: stop_status
2022-11-13 19:24:12,676 DEBUG   HandlerThread:9520 [handler.py:handle_request():139] handle_request: stop_status
2022-11-13 19:24:12,677 DEBUG   SenderThread:9520 [sender.py:send_request():317] send_request: stop_status
2022-11-13 19:24:28,371 DEBUG   HandlerThread:9520 [handler.py:handle_request():139] handle_request: stop_status
2022-11-13 19:24:28,371 DEBUG   SenderThread:9520 [sender.py:send_request():317] send_request: stop_status
2022-11-13 19:24:44,075 DEBUG   HandlerThread:9520 [handler.py:handle_request():139] handle_request: stop_status
2022-11-13 19:24:44,075 DEBUG   SenderThread:9520 [sender.py:send_request():317] send_request: stop_status
2022-11-13 19:24:59,876 DEBUG   HandlerThread:9520 [handler.py:handle_request():139] handle_request: stop_status
2022-11-13 19:24:59,877 DEBUG   SenderThread:9520 [sender.py:send_request():317] send_request: stop_status
2022-11-13 19:25:15,579 DEBUG   HandlerThread:9520 [handler.py:handle_request():139] handle_request: stop_status
2022-11-13 19:25:15,579 DEBUG   SenderThread:9520 [sender.py:send_request():317] send_request: stop_status
2022-11-13 19:25:31,312 DEBUG   HandlerThread:9520 [handler.py:handle_request():139] handle_request: stop_status
2022-11-13 19:25:31,313 DEBUG   SenderThread:9520 [sender.py:send_request():317] send_request: stop_status
2022-11-13 19:25:47,045 DEBUG   HandlerThread:9520 [handler.py:handle_request():139] handle_request: stop_status
2022-11-13 19:25:47,045 DEBUG   SenderThread:9520 [sender.py:send_request():317] send_request: stop_status
2022-11-13 19:26:02,835 DEBUG   HandlerThread:9520 [handler.py:handle_request():139] handle_request: stop_status
2022-11-13 19:26:02,835 DEBUG   SenderThread:9520 [sender.py:send_request():317] send_request: stop_status
2022-11-13 19:26:18,534 DEBUG   HandlerThread:9520 [handler.py:handle_request():139] handle_request: stop_status
2022-11-13 19:26:18,534 DEBUG   SenderThread:9520 [sender.py:send_request():317] send_request: stop_status
2022-11-13 19:26:34,262 DEBUG   HandlerThread:9520 [handler.py:handle_request():139] handle_request: stop_status
2022-11-13 19:26:34,262 DEBUG   SenderThread:9520 [sender.py:send_request():317] send_request: stop_status
2022-11-13 19:26:50,246 DEBUG   HandlerThread:9520 [handler.py:handle_request():139] handle_request: stop_status
2022-11-13 19:26:50,247 DEBUG   SenderThread:9520 [sender.py:send_request():317] send_request: stop_status
2022-11-13 19:27:06,007 DEBUG   HandlerThread:9520 [handler.py:handle_request():139] handle_request: stop_status
2022-11-13 19:27:06,007 DEBUG   SenderThread:9520 [sender.py:send_request():317] send_request: stop_status
2022-11-13 19:27:21,795 DEBUG   HandlerThread:9520 [handler.py:handle_request():139] handle_request: stop_status
2022-11-13 19:27:21,796 DEBUG   SenderThread:9520 [sender.py:send_request():317] send_request: stop_status
2022-11-13 19:27:37,540 DEBUG   HandlerThread:9520 [handler.py:handle_request():139] handle_request: stop_status
2022-11-13 19:27:37,540 DEBUG   SenderThread:9520 [sender.py:send_request():317] send_request: stop_status
2022-11-13 19:27:53,287 DEBUG   HandlerThread:9520 [handler.py:handle_request():139] handle_request: stop_status
2022-11-13 19:27:53,288 DEBUG   SenderThread:9520 [sender.py:send_request():317] send_request: stop_status
2022-11-13 19:28:09,004 DEBUG   HandlerThread:9520 [handler.py:handle_request():139] handle_request: stop_status
2022-11-13 19:28:09,004 DEBUG   SenderThread:9520 [sender.py:send_request():317] send_request: stop_status
2022-11-13 19:28:24,796 DEBUG   HandlerThread:9520 [handler.py:handle_request():139] handle_request: stop_status
2022-11-13 19:28:24,796 DEBUG   SenderThread:9520 [sender.py:send_request():317] send_request: stop_status
2022-11-13 19:28:44,807 DEBUG   HandlerThread:9520 [handler.py:handle_request():139] handle_request: stop_status
2022-11-13 19:28:44,807 DEBUG   SenderThread:9520 [sender.py:send_request():317] send_request: stop_status
2022-11-13 19:29:00,947 DEBUG   HandlerThread:9520 [handler.py:handle_request():139] handle_request: stop_status
2022-11-13 19:29:00,948 DEBUG   SenderThread:9520 [sender.py:send_request():317] send_request: stop_status
2022-11-13 19:29:16,682 DEBUG   HandlerThread:9520 [handler.py:handle_request():139] handle_request: stop_status
2022-11-13 19:29:16,682 DEBUG   SenderThread:9520 [sender.py:send_request():317] send_request: stop_status
2022-11-13 19:29:32,398 DEBUG   HandlerThread:9520 [handler.py:handle_request():139] handle_request: stop_status
2022-11-13 19:29:32,399 DEBUG   SenderThread:9520 [sender.py:send_request():317] send_request: stop_status
2022-11-13 19:29:48,116 DEBUG   HandlerThread:9520 [handler.py:handle_request():139] handle_request: stop_status
2022-11-13 19:29:48,116 DEBUG   SenderThread:9520 [sender.py:send_request():317] send_request: stop_status
2022-11-13 19:30:03,810 DEBUG   HandlerThread:9520 [handler.py:handle_request():139] handle_request: stop_status
2022-11-13 19:30:03,810 DEBUG   SenderThread:9520 [sender.py:send_request():317] send_request: stop_status
2022-11-13 19:30:19,527 DEBUG   HandlerThread:9520 [handler.py:handle_request():139] handle_request: stop_status
2022-11-13 19:30:19,527 DEBUG   SenderThread:9520 [sender.py:send_request():317] send_request: stop_status
2022-11-13 19:30:35,266 DEBUG   HandlerThread:9520 [handler.py:handle_request():139] handle_request: stop_status
2022-11-13 19:30:35,267 DEBUG   SenderThread:9520 [sender.py:send_request():317] send_request: stop_status
2022-11-13 19:30:50,964 DEBUG   HandlerThread:9520 [handler.py:handle_request():139] handle_request: stop_status
2022-11-13 19:30:50,964 DEBUG   SenderThread:9520 [sender.py:send_request():317] send_request: stop_status
2022-11-13 19:31:06,695 DEBUG   HandlerThread:9520 [handler.py:handle_request():139] handle_request: stop_status
2022-11-13 19:31:06,695 DEBUG   SenderThread:9520 [sender.py:send_request():317] send_request: stop_status
2022-11-13 19:31:22,436 DEBUG   HandlerThread:9520 [handler.py:handle_request():139] handle_request: stop_status
2022-11-13 19:31:22,436 DEBUG   SenderThread:9520 [sender.py:send_request():317] send_request: stop_status
2022-11-13 19:31:38,163 DEBUG   HandlerThread:9520 [handler.py:handle_request():139] handle_request: stop_status
2022-11-13 19:31:38,164 DEBUG   SenderThread:9520 [sender.py:send_request():317] send_request: stop_status
2022-11-13 19:31:54,709 DEBUG   HandlerThread:9520 [handler.py:handle_request():139] handle_request: stop_status
2022-11-13 19:31:54,709 DEBUG   SenderThread:9520 [sender.py:send_request():317] send_request: stop_status
2022-11-13 19:32:10,914 DEBUG   HandlerThread:9520 [handler.py:handle_request():139] handle_request: stop_status
2022-11-13 19:32:10,914 DEBUG   SenderThread:9520 [sender.py:send_request():317] send_request: stop_status
2022-11-13 19:32:26,638 DEBUG   HandlerThread:9520 [handler.py:handle_request():139] handle_request: stop_status
2022-11-13 19:32:26,639 DEBUG   SenderThread:9520 [sender.py:send_request():317] send_request: stop_status
2022-11-13 19:32:42,417 DEBUG   HandlerThread:9520 [handler.py:handle_request():139] handle_request: stop_status
2022-11-13 19:32:42,417 DEBUG   SenderThread:9520 [sender.py:send_request():317] send_request: stop_status
2022-11-13 19:32:58,198 DEBUG   HandlerThread:9520 [handler.py:handle_request():139] handle_request: stop_status
2022-11-13 19:32:58,198 DEBUG   SenderThread:9520 [sender.py:send_request():317] send_request: stop_status
2022-11-13 19:33:13,945 DEBUG   HandlerThread:9520 [handler.py:handle_request():139] handle_request: stop_status
2022-11-13 19:33:13,945 DEBUG   SenderThread:9520 [sender.py:send_request():317] send_request: stop_status
2022-11-13 19:33:29,748 DEBUG   HandlerThread:9520 [handler.py:handle_request():139] handle_request: stop_status
2022-11-13 19:33:29,750 DEBUG   SenderThread:9520 [sender.py:send_request():317] send_request: stop_status
2022-11-13 19:33:45,714 DEBUG   HandlerThread:9520 [handler.py:handle_request():139] handle_request: stop_status
2022-11-13 19:33:45,714 DEBUG   SenderThread:9520 [sender.py:send_request():317] send_request: stop_status
2022-11-13 19:34:01,539 DEBUG   HandlerThread:9520 [handler.py:handle_request():139] handle_request: stop_status
2022-11-13 19:34:01,540 DEBUG   SenderThread:9520 [sender.py:send_request():317] send_request: stop_status
2022-11-13 19:34:17,259 DEBUG   HandlerThread:9520 [handler.py:handle_request():139] handle_request: stop_status
2022-11-13 19:34:17,259 DEBUG   SenderThread:9520 [sender.py:send_request():317] send_request: stop_status
2022-11-13 19:34:33,475 DEBUG   HandlerThread:9520 [handler.py:handle_request():139] handle_request: stop_status
2022-11-13 19:34:33,475 DEBUG   SenderThread:9520 [sender.py:send_request():317] send_request: stop_status
2022-11-13 19:34:49,187 DEBUG   HandlerThread:9520 [handler.py:handle_request():139] handle_request: stop_status
2022-11-13 19:34:49,188 DEBUG   SenderThread:9520 [sender.py:send_request():317] send_request: stop_status
2022-11-13 19:35:04,892 DEBUG   HandlerThread:9520 [handler.py:handle_request():139] handle_request: stop_status
2022-11-13 19:35:04,893 DEBUG   SenderThread:9520 [sender.py:send_request():317] send_request: stop_status
2022-11-13 19:35:20,606 DEBUG   HandlerThread:9520 [handler.py:handle_request():139] handle_request: stop_status
2022-11-13 19:35:20,606 DEBUG   SenderThread:9520 [sender.py:send_request():317] send_request: stop_status
2022-11-13 19:35:37,473 DEBUG   HandlerThread:9520 [handler.py:handle_request():139] handle_request: stop_status
2022-11-13 19:35:37,474 DEBUG   SenderThread:9520 [sender.py:send_request():317] send_request: stop_status
2022-11-13 19:35:53,193 DEBUG   HandlerThread:9520 [handler.py:handle_request():139] handle_request: stop_status
2022-11-13 19:35:53,193 DEBUG   SenderThread:9520 [sender.py:send_request():317] send_request: stop_status
2022-11-13 19:36:08,940 DEBUG   HandlerThread:9520 [handler.py:handle_request():139] handle_request: stop_status
2022-11-13 19:36:08,941 DEBUG   SenderThread:9520 [sender.py:send_request():317] send_request: stop_status
2022-11-13 19:36:24,636 DEBUG   HandlerThread:9520 [handler.py:handle_request():139] handle_request: stop_status
2022-11-13 19:36:24,637 DEBUG   SenderThread:9520 [sender.py:send_request():317] send_request: stop_status
2022-11-13 19:36:40,317 DEBUG   HandlerThread:9520 [handler.py:handle_request():139] handle_request: stop_status
2022-11-13 19:36:40,317 DEBUG   SenderThread:9520 [sender.py:send_request():317] send_request: stop_status
2022-11-13 19:36:56,031 DEBUG   HandlerThread:9520 [handler.py:handle_request():139] handle_request: stop_status
2022-11-13 19:36:56,031 DEBUG   SenderThread:9520 [sender.py:send_request():317] send_request: stop_status
2022-11-13 19:37:11,902 DEBUG   HandlerThread:9520 [handler.py:handle_request():139] handle_request: stop_status
2022-11-13 19:37:11,902 DEBUG   SenderThread:9520 [sender.py:send_request():317] send_request: stop_status
2022-11-13 19:37:27,625 DEBUG   HandlerThread:9520 [handler.py:handle_request():139] handle_request: stop_status
2022-11-13 19:37:27,626 DEBUG   SenderThread:9520 [sender.py:send_request():317] send_request: stop_status
2022-11-13 19:37:43,363 DEBUG   HandlerThread:9520 [handler.py:handle_request():139] handle_request: stop_status
2022-11-13 19:37:43,363 DEBUG   SenderThread:9520 [sender.py:send_request():317] send_request: stop_status
2022-11-13 19:37:59,047 DEBUG   HandlerThread:9520 [handler.py:handle_request():139] handle_request: stop_status
2022-11-13 19:37:59,047 DEBUG   SenderThread:9520 [sender.py:send_request():317] send_request: stop_status
2022-11-13 19:38:14,762 DEBUG   HandlerThread:9520 [handler.py:handle_request():139] handle_request: stop_status
2022-11-13 19:38:14,763 DEBUG   SenderThread:9520 [sender.py:send_request():317] send_request: stop_status
2022-11-13 19:38:30,489 DEBUG   HandlerThread:9520 [handler.py:handle_request():139] handle_request: stop_status
2022-11-13 19:38:30,489 DEBUG   SenderThread:9520 [sender.py:send_request():317] send_request: stop_status
2022-11-13 19:38:46,319 DEBUG   HandlerThread:9520 [handler.py:handle_request():139] handle_request: stop_status
2022-11-13 19:38:46,319 DEBUG   SenderThread:9520 [sender.py:send_request():317] send_request: stop_status
2022-11-13 19:39:03,045 DEBUG   HandlerThread:9520 [handler.py:handle_request():139] handle_request: stop_status
2022-11-13 19:39:03,046 DEBUG   SenderThread:9520 [sender.py:send_request():317] send_request: stop_status
2022-11-13 19:39:18,758 DEBUG   HandlerThread:9520 [handler.py:handle_request():139] handle_request: stop_status
2022-11-13 19:39:18,759 DEBUG   SenderThread:9520 [sender.py:send_request():317] send_request: stop_status
2022-11-13 19:39:34,466 DEBUG   HandlerThread:9520 [handler.py:handle_request():139] handle_request: stop_status
2022-11-13 19:39:34,467 DEBUG   SenderThread:9520 [sender.py:send_request():317] send_request: stop_status
2022-11-13 19:39:54,492 DEBUG   HandlerThread:9520 [handler.py:handle_request():139] handle_request: stop_status
2022-11-13 19:39:54,492 DEBUG   SenderThread:9520 [sender.py:send_request():317] send_request: stop_status
2022-11-13 19:40:12,951 ERROR   SenderThread:9520 [retry.py:__call__():154] Retry attempt failed:
Traceback (most recent call last):
  File "d:\anaconda3\envs\pytorch\lib\site-packages\urllib3\connectionpool.py", line 700, in urlopen
    self._prepare_proxy(conn)
  File "d:\anaconda3\envs\pytorch\lib\site-packages\urllib3\connectionpool.py", line 996, in _prepare_proxy
    conn.connect()
  File "d:\anaconda3\envs\pytorch\lib\site-packages\urllib3\connection.py", line 414, in connect
    self.sock = ssl_wrap_socket(
  File "d:\anaconda3\envs\pytorch\lib\site-packages\urllib3\util\ssl_.py", line 449, in ssl_wrap_socket
    ssl_sock = _ssl_wrap_socket_impl(
  File "d:\anaconda3\envs\pytorch\lib\site-packages\urllib3\util\ssl_.py", line 493, in _ssl_wrap_socket_impl
    return ssl_context.wrap_socket(sock, server_hostname=server_hostname)
  File "d:\anaconda3\envs\pytorch\lib\ssl.py", line 501, in wrap_socket
    return self.sslsocket_class._create(
  File "d:\anaconda3\envs\pytorch\lib\ssl.py", line 1041, in _create
    self.do_handshake()
  File "d:\anaconda3\envs\pytorch\lib\ssl.py", line 1310, in do_handshake
    self._sslobj.do_handshake()
ConnectionResetError: [WinError 10054] 远程主机强迫关闭了一个现有的连接。

During handling of the above exception, another exception occurred:

Traceback (most recent call last):
  File "d:\anaconda3\envs\pytorch\lib\site-packages\requests\adapters.py", line 489, in send
    resp = conn.urlopen(
  File "d:\anaconda3\envs\pytorch\lib\site-packages\urllib3\connectionpool.py", line 787, in urlopen
    retries = retries.increment(
  File "d:\anaconda3\envs\pytorch\lib\site-packages\urllib3\util\retry.py", line 592, in increment
    raise MaxRetryError(_pool, url, error or ResponseError(cause))
urllib3.exceptions.MaxRetryError: HTTPSConnectionPool(host='api.wandb.ai', port=443): Max retries exceeded with url: /graphql (Caused by ProxyError('Cannot connect to proxy.', ConnectionResetError(10054, '远程主机强迫关闭了一个现有的连接。', None, 10054, None)))

During handling of the above exception, another exception occurred:

Traceback (most recent call last):
  File "d:\anaconda3\envs\pytorch\lib\site-packages\wandb\sdk\lib\retry.py", line 113, in __call__
    result = self._call_fn(*args, **kwargs)
  File "d:\anaconda3\envs\pytorch\lib\site-packages\wandb\sdk\internal\internal_api.py", line 210, in execute
    return self.client.execute(*args, **kwargs)  # type: ignore
  File "d:\anaconda3\envs\pytorch\lib\site-packages\wandb\vendor\gql-0.2.0\wandb_gql\client.py", line 52, in execute
    result = self._get_result(document, *args, **kwargs)
  File "d:\anaconda3\envs\pytorch\lib\site-packages\wandb\vendor\gql-0.2.0\wandb_gql\client.py", line 60, in _get_result
    return self.transport.execute(document, *args, **kwargs)
  File "d:\anaconda3\envs\pytorch\lib\site-packages\wandb\vendor\gql-0.2.0\wandb_gql\transport\requests.py", line 38, in execute
    request = requests.post(self.url, **post_args)
  File "d:\anaconda3\envs\pytorch\lib\site-packages\requests\api.py", line 115, in post
    return request("post", url, data=data, json=json, **kwargs)
  File "d:\anaconda3\envs\pytorch\lib\site-packages\requests\api.py", line 59, in request
    return session.request(method=method, url=url, **kwargs)
  File "d:\anaconda3\envs\pytorch\lib\site-packages\requests\sessions.py", line 587, in request
    resp = self.send(prep, **send_kwargs)
  File "d:\anaconda3\envs\pytorch\lib\site-packages\requests\sessions.py", line 701, in send
    r = adapter.send(request, **kwargs)
  File "d:\anaconda3\envs\pytorch\lib\site-packages\requests\adapters.py", line 559, in send
    raise ProxyError(e, request=request)
requests.exceptions.ProxyError: HTTPSConnectionPool(host='api.wandb.ai', port=443): Max retries exceeded with url: /graphql (Caused by ProxyError('Cannot connect to proxy.', ConnectionResetError(10054, '远程主机强迫关闭了一个现有的连接。', None, 10054, None)))
2022-11-13 19:40:14,506 DEBUG   HandlerThread:9520 [handler.py:handle_request():139] handle_request: stop_status
2022-11-13 19:40:18,482 DEBUG   SenderThread:9520 [sender.py:send_request():317] send_request: stop_status
2022-11-13 19:40:34,185 DEBUG   HandlerThread:9520 [handler.py:handle_request():139] handle_request: stop_status
2022-11-13 19:40:34,186 DEBUG   SenderThread:9520 [sender.py:send_request():317] send_request: stop_status
2022-11-13 19:40:50,262 DEBUG   HandlerThread:9520 [handler.py:handle_request():139] handle_request: stop_status
2022-11-13 19:40:50,263 DEBUG   SenderThread:9520 [sender.py:send_request():317] send_request: stop_status
2022-11-13 19:41:05,949 DEBUG   HandlerThread:9520 [handler.py:handle_request():139] handle_request: stop_status
2022-11-13 19:41:05,950 DEBUG   SenderThread:9520 [sender.py:send_request():317] send_request: stop_status
2022-11-13 19:41:21,646 DEBUG   HandlerThread:9520 [handler.py:handle_request():139] handle_request: stop_status
2022-11-13 19:41:21,647 DEBUG   SenderThread:9520 [sender.py:send_request():317] send_request: stop_status
2022-11-13 19:41:37,364 DEBUG   HandlerThread:9520 [handler.py:handle_request():139] handle_request: stop_status
2022-11-13 19:41:37,364 DEBUG   SenderThread:9520 [sender.py:send_request():317] send_request: stop_status
2022-11-13 19:41:53,080 DEBUG   HandlerThread:9520 [handler.py:handle_request():139] handle_request: stop_status
2022-11-13 19:41:53,080 DEBUG   SenderThread:9520 [sender.py:send_request():317] send_request: stop_status
2022-11-13 19:42:08,823 DEBUG   HandlerThread:9520 [handler.py:handle_request():139] handle_request: stop_status
2022-11-13 19:42:08,824 DEBUG   SenderThread:9520 [sender.py:send_request():317] send_request: stop_status
2022-11-13 19:42:24,531 DEBUG   HandlerThread:9520 [handler.py:handle_request():139] handle_request: stop_status
2022-11-13 19:42:24,531 DEBUG   SenderThread:9520 [sender.py:send_request():317] send_request: stop_status
2022-11-13 19:42:40,278 DEBUG   HandlerThread:9520 [handler.py:handle_request():139] handle_request: stop_status
2022-11-13 19:42:40,279 DEBUG   SenderThread:9520 [sender.py:send_request():317] send_request: stop_status
2022-11-13 19:42:55,975 DEBUG   HandlerThread:9520 [handler.py:handle_request():139] handle_request: stop_status
2022-11-13 19:42:55,975 DEBUG   SenderThread:9520 [sender.py:send_request():317] send_request: stop_status
2022-11-13 19:43:11,688 DEBUG   HandlerThread:9520 [handler.py:handle_request():139] handle_request: stop_status
2022-11-13 19:43:11,689 DEBUG   SenderThread:9520 [sender.py:send_request():317] send_request: stop_status
2022-11-13 19:43:27,393 DEBUG   HandlerThread:9520 [handler.py:handle_request():139] handle_request: stop_status
2022-11-13 19:43:27,393 DEBUG   SenderThread:9520 [sender.py:send_request():317] send_request: stop_status
2022-11-13 19:43:43,148 DEBUG   HandlerThread:9520 [handler.py:handle_request():139] handle_request: stop_status
2022-11-13 19:43:43,149 DEBUG   SenderThread:9520 [sender.py:send_request():317] send_request: stop_status
2022-11-13 19:43:58,986 DEBUG   HandlerThread:9520 [handler.py:handle_request():139] handle_request: stop_status
2022-11-13 19:43:58,987 DEBUG   SenderThread:9520 [sender.py:send_request():317] send_request: stop_status
2022-11-13 19:44:14,844 DEBUG   HandlerThread:9520 [handler.py:handle_request():139] handle_request: stop_status
2022-11-13 19:44:14,844 DEBUG   SenderThread:9520 [sender.py:send_request():317] send_request: stop_status
2022-11-13 19:44:30,571 DEBUG   HandlerThread:9520 [handler.py:handle_request():139] handle_request: stop_status
2022-11-13 19:44:30,571 DEBUG   SenderThread:9520 [sender.py:send_request():317] send_request: stop_status
2022-11-13 19:44:46,250 DEBUG   HandlerThread:9520 [handler.py:handle_request():139] handle_request: stop_status
2022-11-13 19:44:46,250 DEBUG   SenderThread:9520 [sender.py:send_request():317] send_request: stop_status
2022-11-13 19:45:01,953 DEBUG   HandlerThread:9520 [handler.py:handle_request():139] handle_request: stop_status
2022-11-13 19:45:01,953 DEBUG   SenderThread:9520 [sender.py:send_request():317] send_request: stop_status
2022-11-13 19:45:17,652 DEBUG   HandlerThread:9520 [handler.py:handle_request():139] handle_request: stop_status
2022-11-13 19:45:17,652 DEBUG   SenderThread:9520 [sender.py:send_request():317] send_request: stop_status
2022-11-13 19:45:33,379 DEBUG   HandlerThread:9520 [handler.py:handle_request():139] handle_request: stop_status
2022-11-13 19:45:33,379 DEBUG   SenderThread:9520 [sender.py:send_request():317] send_request: stop_status
2022-11-13 19:45:49,201 DEBUG   HandlerThread:9520 [handler.py:handle_request():139] handle_request: stop_status
2022-11-13 19:45:49,201 DEBUG   SenderThread:9520 [sender.py:send_request():317] send_request: stop_status
2022-11-13 19:46:04,918 DEBUG   HandlerThread:9520 [handler.py:handle_request():139] handle_request: stop_status
2022-11-13 19:46:04,918 DEBUG   SenderThread:9520 [sender.py:send_request():317] send_request: stop_status
2022-11-13 19:46:20,631 DEBUG   HandlerThread:9520 [handler.py:handle_request():139] handle_request: stop_status
2022-11-13 19:46:20,631 DEBUG   SenderThread:9520 [sender.py:send_request():317] send_request: stop_status
2022-11-13 19:46:36,361 DEBUG   HandlerThread:9520 [handler.py:handle_request():139] handle_request: stop_status
2022-11-13 19:46:36,361 DEBUG   SenderThread:9520 [sender.py:send_request():317] send_request: stop_status
2022-11-13 19:46:52,107 DEBUG   HandlerThread:9520 [handler.py:handle_request():139] handle_request: stop_status
2022-11-13 19:46:52,107 DEBUG   SenderThread:9520 [sender.py:send_request():317] send_request: stop_status
2022-11-13 19:47:07,943 DEBUG   HandlerThread:9520 [handler.py:handle_request():139] handle_request: stop_status
2022-11-13 19:47:07,943 DEBUG   SenderThread:9520 [sender.py:send_request():317] send_request: stop_status
2022-11-13 19:47:23,662 DEBUG   HandlerThread:9520 [handler.py:handle_request():139] handle_request: stop_status
2022-11-13 19:47:23,662 DEBUG   SenderThread:9520 [sender.py:send_request():317] send_request: stop_status
2022-11-13 19:47:39,393 DEBUG   HandlerThread:9520 [handler.py:handle_request():139] handle_request: stop_status
2022-11-13 19:47:39,393 DEBUG   SenderThread:9520 [sender.py:send_request():317] send_request: stop_status
2022-11-13 19:47:59,418 DEBUG   HandlerThread:9520 [handler.py:handle_request():139] handle_request: stop_status
2022-11-13 19:47:59,419 DEBUG   SenderThread:9520 [sender.py:send_request():317] send_request: stop_status
2022-11-13 19:48:17,025 WARNING FileStreamThread:9520 [file_stream.py:request_with_retry():667] requests_with_retry encountered retryable exception: HTTPSConnectionPool(host='api.wandb.ai', port=443): Max retries exceeded with url: /files/tyrion279/GAN.ipynb/28kkw3ws/file_stream (Caused by ProxyError('Cannot connect to proxy.', RemoteDisconnected('Remote end closed connection without response'))). func: <bound method Session.post of <requests.sessions.Session object at 0x00000205872E36D0>>, args: ('https://api.wandb.ai/files/tyrion279/GAN.ipynb/28kkw3ws/file_stream',), kwargs: {'json': {'complete': False, 'failed': False, 'dropped': 0, 'uploaded': []}}
2022-11-13 19:48:19,427 DEBUG   HandlerThread:9520 [handler.py:handle_request():139] handle_request: stop_status
2022-11-13 19:48:19,428 DEBUG   SenderThread:9520 [sender.py:send_request():317] send_request: stop_status
2022-11-13 19:48:35,139 DEBUG   HandlerThread:9520 [handler.py:handle_request():139] handle_request: stop_status
2022-11-13 19:48:35,139 DEBUG   SenderThread:9520 [sender.py:send_request():317] send_request: stop_status
2022-11-13 19:48:50,570 DEBUG   HandlerThread:9520 [handler.py:handle_request():139] handle_request: stop_status
2022-11-13 19:48:50,570 DEBUG   SenderThread:9520 [sender.py:send_request():317] send_request: stop_status
2022-11-13 19:49:05,941 DEBUG   HandlerThread:9520 [handler.py:handle_request():139] handle_request: stop_status
2022-11-13 19:49:05,941 DEBUG   SenderThread:9520 [sender.py:send_request():317] send_request: stop_status
2022-11-13 19:49:21,333 DEBUG   HandlerThread:9520 [handler.py:handle_request():139] handle_request: stop_status
2022-11-13 19:49:21,333 DEBUG   SenderThread:9520 [sender.py:send_request():317] send_request: stop_status
2022-11-13 19:49:36,719 DEBUG   HandlerThread:9520 [handler.py:handle_request():139] handle_request: stop_status
2022-11-13 19:49:36,719 DEBUG   SenderThread:9520 [sender.py:send_request():317] send_request: stop_status
2022-11-13 19:49:52,087 DEBUG   HandlerThread:9520 [handler.py:handle_request():139] handle_request: stop_status
2022-11-13 19:49:52,087 DEBUG   SenderThread:9520 [sender.py:send_request():317] send_request: stop_status
2022-11-13 19:50:07,533 DEBUG   HandlerThread:9520 [handler.py:handle_request():139] handle_request: stop_status
2022-11-13 19:50:07,533 DEBUG   SenderThread:9520 [sender.py:send_request():317] send_request: stop_status
